Analysis & Synthesis report for uart
Tue Mar  1 16:10:53 2022
Quartus Prime Version 19.1.0 Build 670 09/22/2019 SJ Lite Edition


---------------------
; Table of Contents ;
---------------------
  1. Legal Notice
  2. Analysis & Synthesis Summary
  3. Analysis & Synthesis Settings
  4. Parallel Compilation
  5. Analysis & Synthesis Source Files Read
  6. Analysis & Synthesis Resource Usage Summary
  7. Analysis & Synthesis Resource Utilization by Entity
  8. Registers Removed During Synthesis
  9. Removed Registers Triggering Further Register Optimizations
 10. General Register Statistics
 11. Multiplexer Restructuring Statistics (Restructuring Performed)
 12. Source assignments for Top-level Entity: |uart_top
 13. Port Connectivity Checks: "UartMain:u|Sender:Sender|BufferedTx:tx"
 14. Post-Synthesis Netlist Statistics for Top Partition
 15. Elapsed Time Per Partition
 16. Analysis & Synthesis Messages



----------------
; Legal Notice ;
----------------
Copyright (C) 2019  Intel Corporation. All rights reserved.
Your use of Intel Corporation's design tools, logic functions 
and other software and tools, and any partner logic 
functions, and any output files from any of the foregoing 
(including device programming or simulation files), and any 
associated documentation or information are expressly subject 
to the terms and conditions of the Intel Program License 
Subscription Agreement, the Intel Quartus Prime License Agreement,
the Intel FPGA IP License Agreement, or other applicable license
agreement, including, without limitation, that your use is for
the sole purpose of programming logic devices manufactured by
Intel and sold by Intel or its authorized distributors.  Please
refer to the applicable agreement for further details, at
https://fpgasoftware.intel.com/eula.



+----------------------------------------------------------------------------------+
; Analysis & Synthesis Summary                                                     ;
+------------------------------------+---------------------------------------------+
; Analysis & Synthesis Status        ; Successful - Tue Mar  1 16:10:53 2022       ;
; Quartus Prime Version              ; 19.1.0 Build 670 09/22/2019 SJ Lite Edition ;
; Revision Name                      ; uart                                        ;
; Top-level Entity Name              ; uart_top                                    ;
; Family                             ; Cyclone IV E                                ;
; Total logic elements               ; 73                                          ;
;     Total combinational functions  ; 71                                          ;
;     Dedicated logic registers      ; 55                                          ;
; Total registers                    ; 55                                          ;
; Total pins                         ; 3                                           ;
; Total virtual pins                 ; 0                                           ;
; Total memory bits                  ; 0                                           ;
; Embedded Multiplier 9-bit elements ; 0                                           ;
; Total PLLs                         ; 0                                           ;
+------------------------------------+---------------------------------------------+


+------------------------------------------------------------------------------------------------------------+
; Analysis & Synthesis Settings                                                                              ;
+------------------------------------------------------------------+--------------------+--------------------+
; Option                                                           ; Setting            ; Default Value      ;
+------------------------------------------------------------------+--------------------+--------------------+
; Device                                                           ; EP4CE115F29C7      ;                    ;
; Top-level entity name                                            ; uart_top           ; uart               ;
; Family name                                                      ; Cyclone IV E       ; Cyclone V          ;
; Use smart compilation                                            ; Off                ; Off                ;
; Enable parallel Assembler and Timing Analyzer during compilation ; On                 ; On                 ;
; Enable compact report table                                      ; Off                ; Off                ;
; Restructure Multiplexers                                         ; Auto               ; Auto               ;
; Create Debugging Nodes for IP Cores                              ; Off                ; Off                ;
; Preserve fewer node names                                        ; On                 ; On                 ;
; Intel FPGA IP Evaluation Mode                                    ; Enable             ; Enable             ;
; Verilog Version                                                  ; Verilog_2001       ; Verilog_2001       ;
; VHDL Version                                                     ; VHDL_1993          ; VHDL_1993          ;
; State Machine Processing                                         ; Auto               ; Auto               ;
; Safe State Machine                                               ; Off                ; Off                ;
; Extract Verilog State Machines                                   ; On                 ; On                 ;
; Extract VHDL State Machines                                      ; On                 ; On                 ;
; Ignore Verilog initial constructs                                ; Off                ; Off                ;
; Iteration limit for constant Verilog loops                       ; 5000               ; 5000               ;
; Iteration limit for non-constant Verilog loops                   ; 250                ; 250                ;
; Add Pass-Through Logic to Inferred RAMs                          ; On                 ; On                 ;
; Infer RAMs from Raw Logic                                        ; On                 ; On                 ;
; Parallel Synthesis                                               ; On                 ; On                 ;
; DSP Block Balancing                                              ; Auto               ; Auto               ;
; NOT Gate Push-Back                                               ; On                 ; On                 ;
; Power-Up Don't Care                                              ; On                 ; On                 ;
; Remove Redundant Logic Cells                                     ; Off                ; Off                ;
; Remove Duplicate Registers                                       ; On                 ; On                 ;
; Ignore CARRY Buffers                                             ; Off                ; Off                ;
; Ignore CASCADE Buffers                                           ; Off                ; Off                ;
; Ignore GLOBAL Buffers                                            ; Off                ; Off                ;
; Ignore ROW GLOBAL Buffers                                        ; Off                ; Off                ;
; Ignore LCELL Buffers                                             ; Off                ; Off                ;
; Ignore SOFT Buffers                                              ; On                 ; On                 ;
; Limit AHDL Integers to 32 Bits                                   ; Off                ; Off                ;
; Optimization Technique                                           ; Balanced           ; Balanced           ;
; Carry Chain Length                                               ; 70                 ; 70                 ;
; Auto Carry Chains                                                ; On                 ; On                 ;
; Auto Open-Drain Pins                                             ; On                 ; On                 ;
; Perform WYSIWYG Primitive Resynthesis                            ; Off                ; Off                ;
; Auto ROM Replacement                                             ; On                 ; On                 ;
; Auto RAM Replacement                                             ; On                 ; On                 ;
; Auto DSP Block Replacement                                       ; On                 ; On                 ;
; Auto Shift Register Replacement                                  ; Auto               ; Auto               ;
; Allow Shift Register Merging across Hierarchies                  ; Auto               ; Auto               ;
; Auto Clock Enable Replacement                                    ; On                 ; On                 ;
; Strict RAM Replacement                                           ; Off                ; Off                ;
; Allow Synchronous Control Signals                                ; On                 ; On                 ;
; Force Use of Synchronous Clear Signals                           ; Off                ; Off                ;
; Auto RAM Block Balancing                                         ; On                 ; On                 ;
; Auto RAM to Logic Cell Conversion                                ; Off                ; Off                ;
; Auto Resource Sharing                                            ; Off                ; Off                ;
; Allow Any RAM Size For Recognition                               ; Off                ; Off                ;
; Allow Any ROM Size For Recognition                               ; Off                ; Off                ;
; Allow Any Shift Register Size For Recognition                    ; Off                ; Off                ;
; Use LogicLock Constraints during Resource Balancing              ; On                 ; On                 ;
; Ignore translate_off and synthesis_off directives                ; Off                ; Off                ;
; Timing-Driven Synthesis                                          ; On                 ; On                 ;
; Report Parameter Settings                                        ; On                 ; On                 ;
; Report Source Assignments                                        ; On                 ; On                 ;
; Report Connectivity Checks                                       ; On                 ; On                 ;
; Ignore Maximum Fan-Out Assignments                               ; Off                ; Off                ;
; Synchronization Register Chain Length                            ; 2                  ; 2                  ;
; Power Optimization During Synthesis                              ; Normal compilation ; Normal compilation ;
; HDL message level                                                ; Level2             ; Level2             ;
; Suppress Register Optimization Related Messages                  ; Off                ; Off                ;
; Number of Removed Registers Reported in Synthesis Report         ; 5000               ; 5000               ;
; Number of Swept Nodes Reported in Synthesis Report               ; 5000               ; 5000               ;
; Number of Inverted Registers Reported in Synthesis Report        ; 100                ; 100                ;
; Clock MUX Protection                                             ; On                 ; On                 ;
; Auto Gated Clock Conversion                                      ; Off                ; Off                ;
; Block Design Naming                                              ; Auto               ; Auto               ;
; SDC constraint protection                                        ; Off                ; Off                ;
; Synthesis Effort                                                 ; Auto               ; Auto               ;
; Shift Register Replacement - Allow Asynchronous Clear Signal     ; On                 ; On                 ;
; Pre-Mapping Resynthesis Optimization                             ; Off                ; Off                ;
; Analysis & Synthesis Message Level                               ; Medium             ; Medium             ;
; Disable Register Merging Across Hierarchies                      ; Auto               ; Auto               ;
; Resource Aware Inference For Block RAM                           ; On                 ; On                 ;
+------------------------------------------------------------------+--------------------+--------------------+


+------------------------------------------+
; Parallel Compilation                     ;
+----------------------------+-------------+
; Processors                 ; Number      ;
+----------------------------+-------------+
; Number detected on machine ; 4           ;
; Maximum allowed            ; 4           ;
;                            ;             ;
; Average used               ; 1.00        ;
; Maximum used               ; 4           ;
;                            ;             ;
; Usage by Processor         ; % Time Used ;
;     Processor 1            ; 100.0%      ;
;     Processors 2-4         ;   0.0%      ;
+----------------------------+-------------+


+-----------------------------------------------------------------------------------------------------------------------------------------------------+
; Analysis & Synthesis Source Files Read                                                                                                              ;
+----------------------------------+-----------------+------------------------+-------------------------------------------------------------+---------+
; File Name with User-Entered Path ; Used in Netlist ; File Type              ; File Name with Absolute Path                                ; Library ;
+----------------------------------+-----------------+------------------------+-------------------------------------------------------------+---------+
; ../../vhdl/uart_top.vhdl         ; yes             ; User VHDL File         ; /home/patmos/aca/chisel-examples-local/vhdl/uart_top.vhdl   ;         ;
; ../../generated/UartMain.v       ; yes             ; User Verilog HDL File  ; /home/patmos/aca/chisel-examples-local/generated/UartMain.v ;         ;
+----------------------------------+-----------------+------------------------+-------------------------------------------------------------+---------+


+-----------------------------------------------------------+
; Analysis & Synthesis Resource Usage Summary               ;
+---------------------------------------------+-------------+
; Resource                                    ; Usage       ;
+---------------------------------------------+-------------+
; Estimated Total logic elements              ; 73          ;
;                                             ;             ;
; Total combinational functions               ; 71          ;
; Logic element usage by number of LUT inputs ;             ;
;     -- 4 input functions                    ; 33          ;
;     -- 3 input functions                    ; 7           ;
;     -- <=2 input functions                  ; 31          ;
;                                             ;             ;
; Logic elements by mode                      ;             ;
;     -- normal mode                          ; 45          ;
;     -- arithmetic mode                      ; 26          ;
;                                             ;             ;
; Total registers                             ; 55          ;
;     -- Dedicated logic registers            ; 55          ;
;     -- I/O registers                        ; 0           ;
;                                             ;             ;
; I/O pins                                    ; 3           ;
;                                             ;             ;
; Embedded Multiplier 9-bit elements          ; 0           ;
;                                             ;             ;
; Maximum fan-out node                        ; clock~input ;
; Maximum fan-out                             ; 55          ;
; Total fan-out                               ; 413         ;
; Average fan-out                             ; 3.13        ;
+---------------------------------------------+-------------+


+---------------------------------------------------------------------------------------------------------------------------------------------------------------------------------------------------------------------------------------------------+
; Analysis & Synthesis Resource Utilization by Entity                                                                                                                                                                                               ;
+----------------------------+---------------------+---------------------------+-------------+--------------+---------+-----------+------+--------------+--------------------------------------------------------------+-------------+--------------+
; Compilation Hierarchy Node ; Combinational ALUTs ; Dedicated Logic Registers ; Memory Bits ; DSP Elements ; DSP 9x9 ; DSP 18x18 ; Pins ; Virtual Pins ; Full Hierarchy Name                                          ; Entity Name ; Library Name ;
+----------------------------+---------------------+---------------------------+-------------+--------------+---------+-----------+------+--------------+--------------------------------------------------------------+-------------+--------------+
; |uart_top                  ; 71 (6)              ; 55 (6)                    ; 0           ; 0            ; 0       ; 0         ; 3    ; 0            ; |uart_top                                                    ; uart_top    ; work         ;
;    |UartMain:u|            ; 65 (0)              ; 49 (0)                    ; 0           ; 0            ; 0       ; 0         ; 0    ; 0            ; |uart_top|UartMain:u                                         ; UartMain    ; work         ;
;       |Sender:Sender|      ; 65 (11)             ; 49 (8)                    ; 0           ; 0            ; 0       ; 0         ; 0    ; 0            ; |uart_top|UartMain:u|Sender:Sender                           ; Sender      ; work         ;
;          |BufferedTx:tx|   ; 54 (0)              ; 41 (0)                    ; 0           ; 0            ; 0       ; 0         ; 0    ; 0            ; |uart_top|UartMain:u|Sender:Sender|BufferedTx:tx             ; BufferedTx  ; work         ;
;             |Buffer:buf_|  ; 9 (9)               ; 8 (8)                     ; 0           ; 0            ; 0       ; 0         ; 0    ; 0            ; |uart_top|UartMain:u|Sender:Sender|BufferedTx:tx|Buffer:buf_ ; Buffer      ; work         ;
;             |Tx:tx|        ; 45 (45)             ; 33 (33)                   ; 0           ; 0            ; 0       ; 0         ; 0    ; 0            ; |uart_top|UartMain:u|Sender:Sender|BufferedTx:tx|Tx:tx       ; Tx          ; work         ;
+----------------------------+---------------------+---------------------------+-------------+--------------+---------+-----------+------+--------------+--------------------------------------------------------------+-------------+--------------+
Note: For table entries with two numbers listed, the numbers in parentheses indicate the number of resources of the given type used by the specific entity alone. The numbers listed outside of parentheses indicate the total resources of the given type used by the specific entity and all of its sub-entities in the hierarchy.


+--------------------------------------------------------------------------------------------------------+
; Registers Removed During Synthesis                                                                     ;
+---------------------------------------------------------------+----------------------------------------+
; Register name                                                 ; Reason for Removal                     ;
+---------------------------------------------------------------+----------------------------------------+
; UartMain:u|Sender:Sender|BufferedTx:tx|Buffer:buf_|dataReg[7] ; Stuck at GND due to stuck port data_in ;
; UartMain:u|Sender:Sender|BufferedTx:tx|Tx:tx|shiftReg[9,10]   ; Stuck at VCC due to stuck port data_in ;
; Total Number of Removed Registers = 3                         ;                                        ;
+---------------------------------------------------------------+----------------------------------------+


+--------------------------------------------------------------------------------------------------------------------------------------------------+
; Removed Registers Triggering Further Register Optimizations                                                                                      ;
+-----------------------------------------------------------+---------------------------+----------------------------------------------------------+
; Register name                                             ; Reason for Removal        ; Registers Removed due to This Register                   ;
+-----------------------------------------------------------+---------------------------+----------------------------------------------------------+
; UartMain:u|Sender:Sender|BufferedTx:tx|Tx:tx|shiftReg[10] ; Stuck at VCC              ; UartMain:u|Sender:Sender|BufferedTx:tx|Tx:tx|shiftReg[9] ;
;                                                           ; due to stuck port data_in ;                                                          ;
+-----------------------------------------------------------+---------------------------+----------------------------------------------------------+


+------------------------------------------------------+
; General Register Statistics                          ;
+----------------------------------------------+-------+
; Statistic                                    ; Value ;
+----------------------------------------------+-------+
; Total registers                              ; 55    ;
; Number of registers using Synchronous Clear  ; 16    ;
; Number of registers using Synchronous Load   ; 29    ;
; Number of registers using Asynchronous Clear ; 0     ;
; Number of registers using Asynchronous Load  ; 0     ;
; Number of registers using Clock Enable       ; 24    ;
; Number of registers using Preset             ; 0     ;
+----------------------------------------------+-------+


+----------------------------------------------------------------------------------------------------------------------------------------------------------------------------------+
; Multiplexer Restructuring Statistics (Restructuring Performed)                                                                                                                   ;
+--------------------+-----------+---------------+----------------------+------------------------+------------+--------------------------------------------------------------------+
; Multiplexer Inputs ; Bus Width ; Baseline Area ; Area if Restructured ; Saving if Restructured ; Registered ; Example Multiplexer Output                                         ;
+--------------------+-----------+---------------+----------------------+------------------------+------------+--------------------------------------------------------------------+
; 3:1                ; 20 bits   ; 40 LEs        ; 40 LEs               ; 0 LEs                  ; Yes        ; |uart_top|UartMain:u|Sender:Sender|BufferedTx:tx|Tx:tx|cntReg[9]   ;
; 3:1                ; 8 bits    ; 16 LEs        ; 8 LEs                ; 8 LEs                  ; Yes        ; |uart_top|UartMain:u|Sender:Sender|cntReg[4]                       ;
; 4:1                ; 2 bits    ; 4 LEs         ; 4 LEs                ; 0 LEs                  ; Yes        ; |uart_top|UartMain:u|Sender:Sender|BufferedTx:tx|Tx:tx|shiftReg[0] ;
; 5:1                ; 7 bits    ; 21 LEs        ; 14 LEs               ; 7 LEs                  ; Yes        ; |uart_top|UartMain:u|Sender:Sender|BufferedTx:tx|Tx:tx|shiftReg[1] ;
; 5:1                ; 4 bits    ; 12 LEs        ; 8 LEs                ; 4 LEs                  ; Yes        ; |uart_top|UartMain:u|Sender:Sender|BufferedTx:tx|Tx:tx|bitsReg[1]  ;
+--------------------+-----------+---------------+----------------------+------------------------+------------+--------------------------------------------------------------------+


+----------------------------------------------------+
; Source assignments for Top-level Entity: |uart_top ;
+----------------+-------+------+--------------------+
; Assignment     ; Value ; From ; To                 ;
+----------------+-------+------+--------------------+
; POWER_UP_LEVEL ; LOW   ; -    ; res_cnt[0]         ;
; POWER_UP_LEVEL ; LOW   ; -    ; res_cnt[1]         ;
; POWER_UP_LEVEL ; LOW   ; -    ; res_cnt[2]         ;
+----------------+-------+------+--------------------+


+--------------------------------------------------------------------+
; Port Connectivity Checks: "UartMain:u|Sender:Sender|BufferedTx:tx" ;
+--------------------+-------+----------+----------------------------+
; Port               ; Type  ; Severity ; Details                    ;
+--------------------+-------+----------+----------------------------+
; io_channel_bits[7] ; Input ; Info     ; Stuck at GND               ;
+--------------------+-------+----------+----------------------------+


+-----------------------------------------------------+
; Post-Synthesis Netlist Statistics for Top Partition ;
+-----------------------+-----------------------------+
; Type                  ; Count                       ;
+-----------------------+-----------------------------+
; boundary_port         ; 3                           ;
; cycloneiii_ff         ; 55                          ;
;     ENA SCLR          ; 15                          ;
;     ENA SLD           ; 9                           ;
;     SCLR              ; 1                           ;
;     SLD               ; 20                          ;
;     plain             ; 10                          ;
; cycloneiii_lcell_comb ; 71                          ;
;     arith             ; 26                          ;
;         2 data inputs ; 26                          ;
;     normal            ; 45                          ;
;         0 data inputs ; 1                           ;
;         1 data inputs ; 3                           ;
;         2 data inputs ; 1                           ;
;         3 data inputs ; 7                           ;
;         4 data inputs ; 33                          ;
;                       ;                             ;
; Max LUT depth         ; 4.00                        ;
; Average LUT depth     ; 2.29                        ;
+-----------------------+-----------------------------+


+-------------------------------+
; Elapsed Time Per Partition    ;
+----------------+--------------+
; Partition Name ; Elapsed Time ;
+----------------+--------------+
; Top            ; 00:00:01     ;
+----------------+--------------+


+-------------------------------+
; Analysis & Synthesis Messages ;
+-------------------------------+
Info: *******************************************************************
Info: Running Quartus Prime Analysis & Synthesis
    Info: Version 19.1.0 Build 670 09/22/2019 SJ Lite Edition
    Info: Processing started: Tue Mar  1 16:10:40 2022
Info: Command: quartus_map --read_settings_files=on --write_settings_files=off uart -c uart
Warning (18236): Number of processors has not been specified which may cause overloading on shared machines.  Set the global assignment NUM_PARALLEL_PROCESSORS in your QSF to an appropriate value for best performance.
Info (20030): Parallel compilation is enabled and will use 4 of the 4 processors detected
Info (12021): Found 2 design units, including 1 entities, in source file /home/patmos/aca/chisel-examples-local/vhdl/uart_top.vhdl
    Info (12022): Found design unit 1: uart_top-rtl File: /home/patmos/aca/chisel-examples-local/vhdl/uart_top.vhdl Line: 20
    Info (12023): Found entity 1: uart_top File: /home/patmos/aca/chisel-examples-local/vhdl/uart_top.vhdl Line: 9
Info (12021): Found 5 design units, including 5 entities, in source file /home/patmos/aca/chisel-examples-local/generated/UartMain.v
    Info (12023): Found entity 1: Tx File: /home/patmos/aca/chisel-examples-local/generated/UartMain.v Line: 1
    Info (12023): Found entity 2: Buffer File: /home/patmos/aca/chisel-examples-local/generated/UartMain.v Line: 104
    Info (12023): Found entity 3: BufferedTx File: /home/patmos/aca/chisel-examples-local/generated/UartMain.v Line: 189
    Info (12023): Found entity 4: Sender File: /home/patmos/aca/chisel-examples-local/generated/UartMain.v Line: 241
    Info (12023): Found entity 5: UartMain File: /home/patmos/aca/chisel-examples-local/generated/UartMain.v Line: 335
Info (12127): Elaborating entity "uart_top" for the top level hierarchy
Info (12128): Elaborating entity "UartMain" for hierarchy "UartMain:u" File: /home/patmos/aca/chisel-examples-local/vhdl/uart_top.vhdl Line: 56
Info (12128): Elaborating entity "Sender" for hierarchy "UartMain:u|Sender:Sender" File: /home/patmos/aca/chisel-examples-local/generated/UartMain.v Line: 348
Info (12128): Elaborating entity "BufferedTx" for hierarchy "UartMain:u|Sender:Sender|BufferedTx:tx" File: /home/patmos/aca/chisel-examples-local/generated/UartMain.v Line: 276
Info (12128): Elaborating entity "Tx" for hierarchy "UartMain:u|Sender:Sender|BufferedTx:tx|Tx:tx" File: /home/patmos/aca/chisel-examples-local/generated/UartMain.v Line: 218
Info (12128): Elaborating entity "Buffer" for hierarchy "UartMain:u|Sender:Sender|BufferedTx:tx|Buffer:buf_" File: /home/patmos/aca/chisel-examples-local/generated/UartMain.v Line: 228
Info (286030): Timing-Driven Synthesis is running
Info (16010): Generating hard_block partition "hard_block:auto_generated_inst"
    Info (16011): Adding 0 node(s), including 0 DDIO, 0 PLL, 0 transceiver and 0 LCELL
Warning (21074): Design contains 1 input pin(s) that do not drive logic
    Warning (15610): No output dependent on input pin "rxd" File: /home/patmos/aca/chisel-examples-local/vhdl/uart_top.vhdl Line: 15
Info (21057): Implemented 76 device resources after synthesis - the final resource count might be different
    Info (21058): Implemented 2 input pins
    Info (21059): Implemented 1 output pins
    Info (21061): Implemented 73 logic cells
Info: Quartus Prime Analysis & Synthesis was successful. 0 errors, 3 warnings
    Info: Peak virtual memory: 957 megabytes
    Info: Processing ended: Tue Mar  1 16:10:53 2022
    Info: Elapsed time: 00:00:13
    Info: Total CPU time (on all processors): 00:00:25


